<?xml version="1.0" encoding="UTF-8"?>
<testng-results ignored="1" total="8" passed="7" failed="0" skipped="0">
  <reporter-output>
  </reporter-output>
  <suite started-at="2022-10-09T19:03:36 IST" name="Suite" finished-at="2022-10-09T19:03:36 IST" duration-ms="61">
    <groups>
    </groups>
    <test started-at="2022-10-09T19:03:36 IST" name="Test" finished-at="2022-10-09T19:03:36 IST" duration-ms="61">
      <class name="testNG.Demo">
        <test-method signature="secondTest()[pri:0, instance:testNG.Demo@27ce24aa]" started-at="2022-10-09T19:03:36 IST" name="secondTest" finished-at="2022-10-09T19:03:36 IST" duration-ms="1" status="PASS">
          <reporter-output>
          </reporter-output>
        </test-method> <!-- secondTest -->
      </class> <!-- testNG.Demo -->
      <class name="testNG.NewTest">
        <test-method is-config="true" signature="beforeSuite()[pri:0, instance:testNG.NewTest@f5ac9e4]" started-at="2022-10-09T19:03:36 IST" name="beforeSuite" finished-at="2022-10-09T19:03:36 IST" duration-ms="8" status="PASS">
          <reporter-output>
          </reporter-output>
        </test-method> <!-- beforeSuite -->
        <test-method is-config="true" signature="beforeTest()[pri:0, instance:testNG.NewTest@f5ac9e4]" started-at="2022-10-09T19:03:36 IST" name="beforeTest" finished-at="2022-10-09T19:03:36 IST" duration-ms="1" status="PASS">
          <reporter-output>
          </reporter-output>
        </test-method> <!-- beforeTest -->
        <test-method is-config="true" signature="beforeClass()[pri:0, instance:testNG.NewTest@f5ac9e4]" started-at="2022-10-09T19:03:36 IST" name="beforeClass" finished-at="2022-10-09T19:03:36 IST" duration-ms="0" status="PASS">
          <reporter-output>
          </reporter-output>
        </test-method> <!-- beforeClass -->
        <test-method is-config="true" signature="beforeMethod()[pri:0, instance:testNG.NewTest@f5ac9e4]" started-at="2022-10-09T19:03:36 IST" name="beforeMethod" finished-at="2022-10-09T19:03:36 IST" duration-ms="1" status="PASS">
          <reporter-output>
          </reporter-output>
        </test-method> <!-- beforeMethod -->
        <test-method signature="Test()[pri:0, instance:testNG.NewTest@f5ac9e4]" started-at="2022-10-09T19:03:36 IST" name="Test" finished-at="2022-10-09T19:03:36 IST" duration-ms="1" status="PASS">
          <reporter-output>
          </reporter-output>
        </test-method> <!-- Test -->
        <test-method is-config="true" signature="afterMethod()[pri:0, instance:testNG.NewTest@f5ac9e4]" started-at="2022-10-09T19:03:36 IST" name="afterMethod" finished-at="2022-10-09T19:03:36 IST" duration-ms="1" status="PASS">
          <reporter-output>
          </reporter-output>
        </test-method> <!-- afterMethod -->
        <test-method signature="Test1()[pri:0, instance:testNG.NewTest@f5ac9e4]" started-at="2022-10-09T19:03:36 IST" name="Test1" finished-at="2022-10-09T19:03:36 IST" duration-ms="1" status="PASS">
          <reporter-output>
          </reporter-output>
        </test-method> <!-- Test1 -->
        <test-method is-config="true" signature="beforeMethod()[pri:0, instance:testNG.NewTest@f5ac9e4]" started-at="2022-10-09T19:03:36 IST" name="beforeMethod" finished-at="2022-10-09T19:03:36 IST" duration-ms="0" status="PASS">
          <reporter-output>
          </reporter-output>
        </test-method> <!-- beforeMethod -->
        <test-method is-config="true" signature="afterMethod()[pri:0, instance:testNG.NewTest@f5ac9e4]" started-at="2022-10-09T19:03:36 IST" name="afterMethod" finished-at="2022-10-09T19:03:36 IST" duration-ms="0" status="PASS">
          <reporter-output>
          </reporter-output>
        </test-method> <!-- afterMethod -->
        <test-method is-config="true" signature="afterClass()[pri:0, instance:testNG.NewTest@f5ac9e4]" started-at="2022-10-09T19:03:36 IST" name="afterClass" finished-at="2022-10-09T19:03:36 IST" duration-ms="1" status="PASS">
          <reporter-output>
          </reporter-output>
        </test-method> <!-- afterClass -->
        <test-method is-config="true" signature="afterTest()[pri:0, instance:testNG.NewTest@f5ac9e4]" started-at="2022-10-09T19:03:36 IST" name="afterTest" finished-at="2022-10-09T19:03:36 IST" duration-ms="1" status="PASS">
          <reporter-output>
          </reporter-output>
        </test-method> <!-- afterTest -->
        <test-method is-config="true" signature="afterSuite()[pri:0, instance:testNG.NewTest@f5ac9e4]" started-at="2022-10-09T19:03:36 IST" name="afterSuite" finished-at="2022-10-09T19:03:36 IST" duration-ms="1" status="PASS">
          <reporter-output>
          </reporter-output>
        </test-method> <!-- afterSuite -->
      </class> <!-- testNG.NewTest -->
      <class name="testNG.day3">
        <test-method signature="apilogincarloan()[pri:0, instance:testNG.day3@123ef382]" started-at="2022-10-09T19:03:36 IST" name="apilogincarloan" finished-at="2022-10-09T19:03:36 IST" duration-ms="2" status="PASS">
          <reporter-output>
          </reporter-output>
        </test-method> <!-- apilogincarloan -->
        <test-method signature="mobilelogincarloan()[pri:0, instance:testNG.day3@123ef382]" started-at="2022-10-09T19:03:36 IST" name="mobilelogincarloan" finished-at="2022-10-09T19:03:36 IST" duration-ms="2" status="PASS">
          <reporter-output>
          </reporter-output>
        </test-method> <!-- mobilelogincarloan -->
        <test-method signature="weblogincarloan()[pri:0, instance:testNG.day3@123ef382]" started-at="2022-10-09T19:03:36 IST" name="weblogincarloan" finished-at="2022-10-09T19:03:36 IST" duration-ms="0" status="PASS">
          <reporter-output>
          </reporter-output>
        </test-method> <!-- weblogincarloan -->
      </class> <!-- testNG.day3 -->
      <class name="testNG.Day1">
        <test-method signature="demo()[pri:0, instance:testNG.Day1@15c43bd9]" started-at="2022-10-09T19:03:36 IST" name="demo" finished-at="2022-10-09T19:03:36 IST" duration-ms="5" status="PASS">
          <reporter-output>
          </reporter-output>
        </test-method> <!-- demo -->
      </class> <!-- testNG.Day1 -->
    </test> <!-- Test -->
  </suite> <!-- Suite -->
</testng-results>
