<?xml version="1.0" encoding="UTF-8"?>
<!-- Generated by org.testng.reporters.JUnitXMLReporter -->
<testsuite ignored="1" hostname="DESKTOP-83405C6" failures="0" tests="7" name="Test" time="0.061" errors="0" timestamp="2022-10-09T19:03:36 IST">
  <testcase classname="testNG.Day1" name="demo" time="0.005"/>
  <testcase classname="testNG.Demo" name="secondTest" time="0.001"/>
  <testcase classname="testNG.NewTest" name="Test" time="0.001"/>
  <testcase classname="testNG.NewTest" name="Test1" time="0.001"/>
  <testcase classname="testNG.day3" name="apilogincarloan" time="0.002"/>
  <testcase classname="testNG.day3" name="mobilelogincarloan" time="0.002"/>
  <testcase classname="testNG.day3" name="weblogincarloan" time="0.0"/>
  <testcase classname="testNG.Demo" name="firstTest" time="0.0">
    <ignored/>
  </testcase> <!-- firstTest -->
</testsuite> <!-- Test -->
